Build started 8/1/2015 7:09:25 PM.
     1>Project "C:\Users\רונן\Documents\Visual Studio 2013\Projects\Chess\Chess3\Chess\Chess.vcxproj" on node 2 (Build target(s)).
     1>ClCompile:
         C:\Program Files (x86)\Microsoft Visual Studio 12.0\VC\bin\CL.exe /c /ZI /nologo /W1 /WX- /sdl- /Od /Oy- /D _MBCS /Gm /EHsc /RTC1 /MDd /GS /fp:precise /Za /Zc:wchar_t /Zc:forScope /Fo"Debug\\" /Fd"Debug\vc120.pdb" /Gd /TC /analyze- /errorReport:prompt Chess.c
         Chess.c
     1>c:\users\רונן\documents\visual studio 2013\projects\chess\chess3\chess\chess.c(247): warning C4028: formal parameter 1 different from declaration
     1>c:\users\רונן\documents\visual studio 2013\projects\chess\chess3\chess\chess.c(259): warning C4028: formal parameter 1 different from declaration
     1>c:\users\רונן\documents\visual studio 2013\projects\chess\chess3\chess\chess.c(721): error C2082: redefinition of formal parameter 'coord'
     1>c:\users\רונן\documents\visual studio 2013\projects\chess\chess3\chess\chess.c(727): error C2065: 'player' : undeclared identifier
     1>c:\users\רונן\documents\visual studio 2013\projects\chess\chess3\chess\chess.c(731): warning C4047: '=' : 'Move *' differs in levels of indirection from 'int'
     1>c:\users\רונן\documents\visual studio 2013\projects\chess\chess3\chess\chess.c(752): warning C4133: '=' : incompatible types - from 'cMove *' to 'Move *'
     1>c:\users\רונן\documents\visual studio 2013\projects\chess\chess3\chess\chess.c(761): warning C4133: 'return' : incompatible types - from 'Move *' to 'cMove *'
     1>c:\users\רונן\documents\visual studio 2013\projects\chess\chess3\chess\chess.c(771): error C2039: 'eater' : is not a member of 'chessMove'
                 c:\users\רונן\documents\visual studio 2013\projects\chess\chess3\chess\chess.h(96) : see declaration of 'chessMove'
     1>c:\users\רונן\documents\visual studio 2013\projects\chess\chess3\chess\chess.c(816): warning C4047: 'function' : 'cMove **' differs in levels of indirection from 'cMove *'
     1>c:\users\רונן\documents\visual studio 2013\projects\chess\chess3\chess\chess.c(816): warning C4024: 'AddMove' : different types for formal and actual parameter 1
     1>c:\users\רונן\documents\visual studio 2013\projects\chess\chess3\chess\chess.c(817): warning C4047: 'function' : 'cMove **' differs in levels of indirection from 'cMove *'
     1>c:\users\רונן\documents\visual studio 2013\projects\chess\chess3\chess\chess.c(817): warning C4024: 'AddMove' : different types for formal and actual parameter 1
     1>c:\users\רונן\documents\visual studio 2013\projects\chess\chess3\chess\chess.c(818): warning C4047: 'function' : 'cMove **' differs in levels of indirection from 'cMove *'
     1>c:\users\רונן\documents\visual studio 2013\projects\chess\chess3\chess\chess.c(818): warning C4024: 'AddMove' : different types for formal and actual parameter 1
     1>c:\users\רונן\documents\visual studio 2013\projects\chess\chess3\chess\chess.c(819): warning C4047: 'function' : 'cMove **' differs in levels of indirection from 'cMove *'
     1>c:\users\רונן\documents\visual studio 2013\projects\chess\chess3\chess\chess.c(819): warning C4024: 'AddMove' : different types for formal and actual parameter 1
     1>c:\users\רונן\documents\visual studio 2013\projects\chess\chess3\chess\chess.c(822): warning C4047: 'function' : 'cMove **' differs in levels of indirection from 'cMove *'
     1>c:\users\רונן\documents\visual studio 2013\projects\chess\chess3\chess\chess.c(822): warning C4024: 'AddMove' : different types for formal and actual parameter 1
     1>c:\users\רונן\documents\visual studio 2013\projects\chess\chess3\chess\chess.c(834): warning C4047: 'function' : 'cMove **' differs in levels of indirection from 'cMove *'
     1>c:\users\רונן\documents\visual studio 2013\projects\chess\chess3\chess\chess.c(834): warning C4024: 'AddMove' : different types for formal and actual parameter 1
     1>c:\users\רונן\documents\visual studio 2013\projects\chess\chess3\chess\chess.c(835): warning C4047: 'function' : 'cMove **' differs in levels of indirection from 'cMove *'
     1>c:\users\רונן\documents\visual studio 2013\projects\chess\chess3\chess\chess.c(835): warning C4024: 'AddMove' : different types for formal and actual parameter 1
     1>c:\users\רונן\documents\visual studio 2013\projects\chess\chess3\chess\chess.c(836): warning C4047: 'function' : 'cMove **' differs in levels of indirection from 'cMove *'
     1>c:\users\רונן\documents\visual studio 2013\projects\chess\chess3\chess\chess.c(836): warning C4024: 'AddMove' : different types for formal and actual parameter 1
     1>c:\users\רונן\documents\visual studio 2013\projects\chess\chess3\chess\chess.c(837): warning C4047: 'function' : 'cMove **' differs in levels of indirection from 'cMove *'
     1>c:\users\רונן\documents\visual studio 2013\projects\chess\chess3\chess\chess.c(837): warning C4024: 'AddMove' : different types for formal and actual parameter 1
     1>c:\users\רונן\documents\visual studio 2013\projects\chess\chess3\chess\chess.c(840): warning C4047: 'function' : 'cMove **' differs in levels of indirection from 'cMove *'
     1>c:\users\רונן\documents\visual studio 2013\projects\chess\chess3\chess\chess.c(840): warning C4024: 'AddMove' : different types for formal and actual parameter 1
     1>c:\users\רונן\documents\visual studio 2013\projects\chess\chess3\chess\chess.c(848): error C2059: syntax error : '&&'
     1>c:\users\רונן\documents\visual studio 2013\projects\chess\chess3\chess\chess.c(853): warning C4047: 'function' : 'cMove **' differs in levels of indirection from 'cMove *'
     1>c:\users\רונן\documents\visual studio 2013\projects\chess\chess3\chess\chess.c(853): warning C4024: 'AddMove' : different types for formal and actual parameter 1
     1>c:\users\רונן\documents\visual studio 2013\projects\chess\chess3\chess\chess.c(854): warning C4047: 'function' : 'cMove **' differs in levels of indirection from 'cMove *'
     1>c:\users\רונן\documents\visual studio 2013\projects\chess\chess3\chess\chess.c(854): warning C4024: 'AddMove' : different types for formal and actual parameter 1
     1>c:\users\רונן\documents\visual studio 2013\projects\chess\chess3\chess\chess.c(855): warning C4047: 'function' : 'cMove **' differs in levels of indirection from 'cMove *'
     1>c:\users\רונן\documents\visual studio 2013\projects\chess\chess3\chess\chess.c(855): warning C4024: 'AddMove' : different types for formal and actual parameter 1
     1>c:\users\רונן\documents\visual studio 2013\projects\chess\chess3\chess\chess.c(857): error C2059: syntax error : 'else'
     1>c:\users\רונן\documents\visual studio 2013\projects\chess\chess3\chess\chess.c(859): error C2059: syntax error : '}'
     1>c:\users\רונן\documents\visual studio 2013\projects\chess\chess3\chess\chess.c(913): error C2143: syntax error : missing ')' before '*'
     1>c:\users\רונן\documents\visual studio 2013\projects\chess\chess3\chess\chess.c(913): error C2081: 'moves_list' : name in formal parameter list illegal
     1>c:\users\רונן\documents\visual studio 2013\projects\chess\chess3\chess\chess.c(913): error C2143: syntax error : missing '{' before '*'
     1>c:\users\רונן\documents\visual studio 2013\projects\chess\chess3\chess\chess.c(913): error C2059: syntax error : 'type'
     1>c:\users\רונן\documents\visual studio 2013\projects\chess\chess3\chess\chess.c(913): error C2059: syntax error : ')'
     1>c:\users\רונן\documents\visual studio 2013\projects\chess\chess3\chess\chess.c(964): error C2143: syntax error : missing ')' before '*'
     1>c:\users\רונן\documents\visual studio 2013\projects\chess\chess3\chess\chess.c(964): error C2081: 'moves_list' : name in formal parameter list illegal
     1>c:\users\רונן\documents\visual studio 2013\projects\chess\chess3\chess\chess.c(964): error C2143: syntax error : missing '{' before '*'
     1>c:\users\רונן\documents\visual studio 2013\projects\chess\chess3\chess\chess.c(964): error C2059: syntax error : 'type'
     1>c:\users\רונן\documents\visual studio 2013\projects\chess\chess3\chess\chess.c(964): error C2059: syntax error : ')'
     1>c:\users\רונן\documents\visual studio 2013\projects\chess\chess3\chess\chess.c(991): error C2143: syntax error : missing ')' before '*'
     1>c:\users\רונן\documents\visual studio 2013\projects\chess\chess3\chess\chess.c(991): error C2081: 'moves_list' : name in formal parameter list illegal
     1>c:\users\רונן\documents\visual studio 2013\projects\chess\chess3\chess\chess.c(991): error C2143: syntax error : missing '{' before '*'
     1>c:\users\רונן\documents\visual studio 2013\projects\chess\chess3\chess\chess.c(991): error C2059: syntax error : 'type'
     1>c:\users\רונן\documents\visual studio 2013\projects\chess\chess3\chess\chess.c(991): error C2059: syntax error : ')'
     1>c:\users\רונן\documents\visual studio 2013\projects\chess\chess3\chess\chess.c(1042): error C2371: 'getMoves' : redefinition; different basic types
                 c:\users\רונן\documents\visual studio 2013\projects\chess\chess3\chess\chess.h(133) : see declaration of 'getMoves'
     1>c:\users\רונן\documents\visual studio 2013\projects\chess\chess3\chess\chess.c(1054): warning C4047: '=' : 'Move *' differs in levels of indirection from 'int'
     1>c:\users\רונן\documents\visual studio 2013\projects\chess\chess3\chess\chess.c(1075): warning C4133: '=' : incompatible types - from 'cMove *' to 'Move *'
     1>c:\users\רונן\documents\visual studio 2013\projects\chess\chess3\chess\chess.c(1084): warning C4133: 'return' : incompatible types - from 'Move *' to 'cMove *'
     1>c:\users\רונן\documents\visual studio 2013\projects\chess\chess3\chess\chess.c(1285): error C2065: 'WHITE_M' : undeclared identifier
     1>c:\users\רונן\documents\visual studio 2013\projects\chess\chess3\chess\chess.c(1285): error C2065: 'BLACK_M' : undeclared identifier
     1>c:\users\רונן\documents\visual studio 2013\projects\chess\chess3\chess\chess.c(1295): error C2065: 'WHITE_M' : undeclared identifier
     1>c:\users\רונן\documents\visual studio 2013\projects\chess\chess3\chess\chess.c(1296): error C2065: 'BLACK_M' : undeclared identifier
     1>c:\users\רונן\documents\visual studio 2013\projects\chess\chess3\chess\chess.c(1393): error C2065: 'WHITE_M' : undeclared identifier
     1>c:\users\רונן\documents\visual studio 2013\projects\chess\chess3\chess\chess.c(1393): error C2065: 'BLACK_M' : undeclared identifier
     1>c:\users\רונן\documents\visual studio 2013\projects\chess\chess3\chess\chess.c(1486): error C2065: 'MAX_NUMBER_OF_TOOLS_PER_PLAYER' : undeclared identifier
     1>c:\users\רונן\documents\visual studio 2013\projects\chess\chess3\chess\chess.c(1486): error C2057: expected constant expression
     1>c:\users\רונן\documents\visual studio 2013\projects\chess\chess3\chess\chess.c(1486): error C2466: cannot allocate an array of constant size 0
     1>c:\users\רונן\documents\visual studio 2013\projects\chess\chess3\chess\chess.c(1486): error C2133: 'eatentools_types' : unknown size
     1>c:\users\רונן\documents\visual studio 2013\projects\chess\chess3\chess\chess.c(1487): error C2065: 'MAX_NUMBER_OF_TOOLS_PER_PLAYER' : undeclared identifier
     1>c:\users\רונן\documents\visual studio 2013\projects\chess\chess3\chess\chess.c(1487): error C2057: expected constant expression
     1>c:\users\רונן\documents\visual studio 2013\projects\chess\chess3\chess\chess.c(1487): error C2466: cannot allocate an array of constant size 0
     1>c:\users\רונן\documents\visual studio 2013\projects\chess\chess3\chess\chess.c(1487): error C2133: 'eatentools_coords' : unknown size
     1>c:\users\רונן\documents\visual studio 2013\projects\chess\chess3\chess\chess.c(1611): error C2065: 'MAX_NUMBER_OF_TOOLS_PER_PLAYER' : undeclared identifier
     1>c:\users\רונן\documents\visual studio 2013\projects\chess\chess3\chess\chess.c(1641): error C2065: 'WHITE_M' : undeclared identifier
     1>c:\users\רונן\documents\visual studio 2013\projects\chess\chess3\chess\chess.c(1656): error C2065: 'BLACK_M' : undeclared identifier
     1>c:\users\רונן\documents\visual studio 2013\projects\chess\chess3\chess\chess.c(1764): warning C4133: 'function' : incompatible types - from 'Move *' to 'cMove *'
     1>c:\users\רונן\documents\visual studio 2013\projects\chess\chess3\chess\chess.c(1768): warning C4133: 'function' : incompatible types - from 'Move *' to 'cMove *'
     1>c:\users\רונן\documents\visual studio 2013\projects\chess\chess3\chess\chess.c(2088): warning C4133: 'function' : incompatible types - from 'Move *' to 'cMove *'
     1>c:\users\רונן\documents\visual studio 2013\projects\chess\chess3\chess\chess.c(2156): error C2374: 'currentPosition' : redefinition; multiple initialization
                 c:\users\רונן\documents\visual studio 2013\projects\chess\chess3\chess\chess.c(2123) : see declaration of 'currentPosition'
     1>c:\users\רונן\documents\visual studio 2013\projects\chess\chess3\chess\chess.c(2157): error C2086: 'char x_coor' : redefinition
                 c:\users\רונן\documents\visual studio 2013\projects\chess\chess3\chess\chess.c(2124) : see declaration of 'x_coor'
     1>c:\users\רונן\documents\visual studio 2013\projects\chess\chess3\chess\chess.c(2158): error C2086: 'int y_coor' : redefinition
                 c:\users\רונן\documents\visual studio 2013\projects\chess\chess3\chess\chess.c(2125) : see declaration of 'y_coor'
     1>c:\users\רונן\documents\visual studio 2013\projects\chess\chess3\chess\chess.c(2162): error C2065: 'MAX_NUMBER_OF_TOOLS_PER_PLAYER' : undeclared identifier
     1>c:\users\רונן\documents\visual studio 2013\projects\chess\chess3\chess\chess.c(2162): error C2057: expected constant expression
     1>c:\users\רונן\documents\visual studio 2013\projects\chess\chess3\chess\chess.c(2162): error C2466: cannot allocate an array of constant size 0
     1>c:\users\רונן\documents\visual studio 2013\projects\chess\chess3\chess\chess.c(2162): error C2133: 'route' : unknown size
     1>c:\users\רונן\documents\visual studio 2013\projects\chess\chess3\chess\chess.c(2174): error C2065: 'MAX_NUMBER_OF_TOOLS_PER_PLAYER' : undeclared identifier
     1>c:\users\רונן\documents\visual studio 2013\projects\chess\chess3\chess\chess.c(2323): error C2065: 'WHITE_M' : undeclared identifier
     1>c:\users\רונן\documents\visual studio 2013\projects\chess\chess3\chess\chess.c(2325): error C2065: 'BLACK_M' : undeclared identifier
     1>c:\users\רונן\documents\visual studio 2013\projects\chess\chess3\chess\chess.c(2330): error C2065: 'WHITE_M' : undeclared identifier
     1>c:\users\רונן\documents\visual studio 2013\projects\chess\chess3\chess\chess.c(2332): error C2065: 'BLACK_M' : undeclared identifier
     1>c:\users\רונן\documents\visual studio 2013\projects\chess\chess3\chess\chess.c(2377): error C2065: 'PLAYER_WINS' : undeclared identifier
     1>c:\users\רונן\documents\visual studio 2013\projects\chess\chess3\chess\chess.c(2543): error C2065: 'WHITE_M' : undeclared identifier
     1>c:\users\רונן\documents\visual studio 2013\projects\chess\chess3\chess\chess.c(2545): error C2065: 'BLACK_M' : undeclared identifier
     1>c:\users\רונן\documents\visual studio 2013\projects\chess\chess3\chess\chess.c(2552): warning C4133: 'function' : incompatible types - from 'Move *' to 'cMove *'
     1>Done Building Project "C:\Users\רונן\Documents\Visual Studio 2013\Projects\Chess\Chess3\Chess\Chess.vcxproj" (Build target(s)) -- FAILED.

Build FAILED.

Time Elapsed 00:00:04.11
